<?xml version="1.0" encoding="UTF-8"?>
<!-- Generated by org.testng.reporters.JUnitXMLReporter -->
<testsuite ignored="0" hostname="LAPTOP-UI1IUVT1" failures="0" tests="5" name="Default test" time="36.839" errors="0" timestamp="2024-02-19T14:25:57 IST">
  <testcase classname="org.demo.OnlineBookStoreApplication" name="LoginFunctionality" time="22.567"/>
  <testcase classname="org.demo.OnlineBookStoreApplication" name="BookDetails" time="0.466"/>
  <testcase classname="org.demo.OnlineBookStoreApplication" name="AddToCart" time="0.169"/>
  <testcase classname="org.demo.OnlineBookStoreApplication" name="removeitem" time="1.482"/>
  <testcase classname="org.demo.OnlineBookStoreApplication" name="signout" time="5.051"/>
</testsuite> <!-- Default test -->
