<?xml version="1.0" encoding="UTF-8"?>
<testng-results ignored="0" total="5" passed="5" failed="0" skipped="0">
  <reporter-output>
  </reporter-output>
  <suite started-at="2024-02-19T14:25:20 IST" name="Default suite" finished-at="2024-02-19T14:25:57 IST" duration-ms="36839">
    <groups>
    </groups>
    <test started-at="2024-02-19T14:25:20 IST" name="Default test" finished-at="2024-02-19T14:25:57 IST" duration-ms="36839">
      <class name="org.demo.OnlineBookStoreApplication">
        <test-method is-config="true" signature="start()[pri:0, instance:org.demo.OnlineBookStoreApplication@36ebc363]" started-at="2024-02-19T14:25:20 IST" name="start" finished-at="2024-02-19T14:25:27 IST" duration-ms="7039" status="PASS">
          <reporter-output>
          </reporter-output>
        </test-method> <!-- start -->
        <test-method signature="LoginFunctionality()[pri:1, instance:org.demo.OnlineBookStoreApplication@36ebc363]" started-at="2024-02-19T14:25:27 IST" name="LoginFunctionality" finished-at="2024-02-19T14:25:49 IST" duration-ms="22567" status="PASS">
          <reporter-output>
          </reporter-output>
        </test-method> <!-- LoginFunctionality -->
        <test-method signature="BookDetails()[pri:2, instance:org.demo.OnlineBookStoreApplication@36ebc363]" started-at="2024-02-19T14:25:49 IST" name="BookDetails" finished-at="2024-02-19T14:25:50 IST" duration-ms="466" status="PASS">
          <reporter-output>
          </reporter-output>
        </test-method> <!-- BookDetails -->
        <test-method signature="AddToCart()[pri:3, instance:org.demo.OnlineBookStoreApplication@36ebc363]" started-at="2024-02-19T14:25:50 IST" name="AddToCart" finished-at="2024-02-19T14:25:50 IST" duration-ms="169" status="PASS">
          <reporter-output>
          </reporter-output>
        </test-method> <!-- AddToCart -->
        <test-method signature="removeitem()[pri:4, instance:org.demo.OnlineBookStoreApplication@36ebc363]" started-at="2024-02-19T14:25:50 IST" name="removeitem" finished-at="2024-02-19T14:25:52 IST" duration-ms="1482" status="PASS">
          <reporter-output>
          </reporter-output>
        </test-method> <!-- removeitem -->
        <test-method signature="signout()[pri:5, instance:org.demo.OnlineBookStoreApplication@36ebc363]" started-at="2024-02-19T14:25:52 IST" name="signout" finished-at="2024-02-19T14:25:57 IST" duration-ms="5051" status="PASS">
          <reporter-output>
          </reporter-output>
        </test-method> <!-- signout -->
      </class> <!-- org.demo.OnlineBookStoreApplication -->
    </test> <!-- Default test -->
  </suite> <!-- Default suite -->
</testng-results>
